<?xml version="1.0" encoding="UTF-8"?>
<testsuite name="com.bridgelabz.UserRegistrationTest" tests="1" skipped="0" failures="0" errors="0" timestamp="2022-12-07T12:49:37" hostname="SUDHA" time="0.014">
  <properties/>
  <testcase name="givenPasswordWithProperRequirementsShouldReturnTrue()" classname="com.bridgelabz.UserRegistrationTest" time="0.014"/>
  <system-out><![CDATA[]]></system-out>
  <system-err><![CDATA[]]></system-err>
</testsuite>
